running egg_info
creating ../../build/custom_nav/custom_nav.egg-info
writing ../../build/custom_nav/custom_nav.egg-info/PKG-INFO
writing dependency_links to ../../build/custom_nav/custom_nav.egg-info/dependency_links.txt
writing entry points to ../../build/custom_nav/custom_nav.egg-info/entry_points.txt
writing requirements to ../../build/custom_nav/custom_nav.egg-info/requires.txt
writing top-level names to ../../build/custom_nav/custom_nav.egg-info/top_level.txt
writing manifest file '../../build/custom_nav/custom_nav.egg-info/SOURCES.txt'
reading manifest file '../../build/custom_nav/custom_nav.egg-info/SOURCES.txt'
writing manifest file '../../build/custom_nav/custom_nav.egg-info/SOURCES.txt'
running build
running build_py
creating /home/kartik/ros2_ws/build/custom_nav/build
creating /home/kartik/ros2_ws/build/custom_nav/build/lib
creating /home/kartik/ros2_ws/build/custom_nav/build/lib/custom_nav
copying custom_nav/random_box.py -> /home/kartik/ros2_ws/build/custom_nav/build/lib/custom_nav
copying custom_nav/spawn_boxes.py -> /home/kartik/ros2_ws/build/custom_nav/build/lib/custom_nav
copying custom_nav/__init__.py -> /home/kartik/ros2_ws/build/custom_nav/build/lib/custom_nav
copying custom_nav/state_node.py -> /home/kartik/ros2_ws/build/custom_nav/build/lib/custom_nav
copying custom_nav/planner_node.py -> /home/kartik/ros2_ws/build/custom_nav/build/lib/custom_nav
copying custom_nav/multi_random_box.py -> /home/kartik/ros2_ws/build/custom_nav/build/lib/custom_nav
copying custom_nav/algo.py -> /home/kartik/ros2_ws/build/custom_nav/build/lib/custom_nav
copying custom_nav/controller_node.py -> /home/kartik/ros2_ws/build/custom_nav/build/lib/custom_nav
running install
running install_lib
creating /home/kartik/ros2_ws/install/custom_nav/lib/python3.10/site-packages/custom_nav
copying /home/kartik/ros2_ws/build/custom_nav/build/lib/custom_nav/random_box.py -> /home/kartik/ros2_ws/install/custom_nav/lib/python3.10/site-packages/custom_nav
copying /home/kartik/ros2_ws/build/custom_nav/build/lib/custom_nav/spawn_boxes.py -> /home/kartik/ros2_ws/install/custom_nav/lib/python3.10/site-packages/custom_nav
copying /home/kartik/ros2_ws/build/custom_nav/build/lib/custom_nav/__init__.py -> /home/kartik/ros2_ws/install/custom_nav/lib/python3.10/site-packages/custom_nav
copying /home/kartik/ros2_ws/build/custom_nav/build/lib/custom_nav/state_node.py -> /home/kartik/ros2_ws/install/custom_nav/lib/python3.10/site-packages/custom_nav
copying /home/kartik/ros2_ws/build/custom_nav/build/lib/custom_nav/planner_node.py -> /home/kartik/ros2_ws/install/custom_nav/lib/python3.10/site-packages/custom_nav
copying /home/kartik/ros2_ws/build/custom_nav/build/lib/custom_nav/multi_random_box.py -> /home/kartik/ros2_ws/install/custom_nav/lib/python3.10/site-packages/custom_nav
copying /home/kartik/ros2_ws/build/custom_nav/build/lib/custom_nav/algo.py -> /home/kartik/ros2_ws/install/custom_nav/lib/python3.10/site-packages/custom_nav
copying /home/kartik/ros2_ws/build/custom_nav/build/lib/custom_nav/controller_node.py -> /home/kartik/ros2_ws/install/custom_nav/lib/python3.10/site-packages/custom_nav
byte-compiling /home/kartik/ros2_ws/install/custom_nav/lib/python3.10/site-packages/custom_nav/random_box.py to random_box.cpython-310.pyc
Sorry: TabError: inconsistent use of tabs and spaces in indentation (random_box.py, line 23)
byte-compiling /home/kartik/ros2_ws/install/custom_nav/lib/python3.10/site-packages/custom_nav/spawn_boxes.py to spawn_boxes.cpython-310.pyc
byte-compiling /home/kartik/ros2_ws/install/custom_nav/lib/python3.10/site-packages/custom_nav/__init__.py to __init__.cpython-310.pyc
byte-compiling /home/kartik/ros2_ws/install/custom_nav/lib/python3.10/site-packages/custom_nav/state_node.py to state_node.cpython-310.pyc
byte-compiling /home/kartik/ros2_ws/install/custom_nav/lib/python3.10/site-packages/custom_nav/planner_node.py to planner_node.cpython-310.pyc
byte-compiling /home/kartik/ros2_ws/install/custom_nav/lib/python3.10/site-packages/custom_nav/multi_random_box.py to multi_random_box.cpython-310.pyc
byte-compiling /home/kartik/ros2_ws/install/custom_nav/lib/python3.10/site-packages/custom_nav/algo.py to algo.cpython-310.pyc
byte-compiling /home/kartik/ros2_ws/install/custom_nav/lib/python3.10/site-packages/custom_nav/controller_node.py to controller_node.cpython-310.pyc
running install_data
creating /home/kartik/ros2_ws/install/custom_nav/share/ament_index
creating /home/kartik/ros2_ws/install/custom_nav/share/ament_index/resource_index
creating /home/kartik/ros2_ws/install/custom_nav/share/ament_index/resource_index/packages
copying resource/custom_nav -> /home/kartik/ros2_ws/install/custom_nav/share/ament_index/resource_index/packages
copying package.xml -> /home/kartik/ros2_ws/install/custom_nav/share/custom_nav
running install_egg_info
Copying ../../build/custom_nav/custom_nav.egg-info to /home/kartik/ros2_ws/install/custom_nav/lib/python3.10/site-packages/custom_nav-0.0.0-py3.10.egg-info
running install_scripts
Installing controller_node script to /home/kartik/ros2_ws/install/custom_nav/lib/custom_nav
Installing multi_random_box script to /home/kartik/ros2_ws/install/custom_nav/lib/custom_nav
Installing planner_node script to /home/kartik/ros2_ws/install/custom_nav/lib/custom_nav
Installing random_box script to /home/kartik/ros2_ws/install/custom_nav/lib/custom_nav
Installing spawn_boxes script to /home/kartik/ros2_ws/install/custom_nav/lib/custom_nav
Installing state_node script to /home/kartik/ros2_ws/install/custom_nav/lib/custom_nav
writing list of installed files to '/home/kartik/ros2_ws/build/custom_nav/install.log'
