/home/kartik/ros2_ws/install/custom_nav/lib/python3.10/site-packages/custom_nav/spawn_boxes.py
/home/kartik/ros2_ws/install/custom_nav/lib/python3.10/site-packages/custom_nav/__init__.py
/home/kartik/ros2_ws/install/custom_nav/lib/python3.10/site-packages/custom_nav/state_node.py
/home/kartik/ros2_ws/install/custom_nav/lib/python3.10/site-packages/custom_nav/planner_node.py
/home/kartik/ros2_ws/install/custom_nav/lib/python3.10/site-packages/custom_nav/multi_random_box.py
/home/kartik/ros2_ws/install/custom_nav/lib/python3.10/site-packages/custom_nav/algo.py
/home/kartik/ros2_ws/install/custom_nav/lib/python3.10/site-packages/custom_nav/controller_node.py
/home/kartik/ros2_ws/install/custom_nav/lib/python3.10/site-packages/custom_nav/__pycache__/spawn_boxes.cpython-310.pyc
/home/kartik/ros2_ws/install/custom_nav/lib/python3.10/site-packages/custom_nav/__pycache__/__init__.cpython-310.pyc
/home/kartik/ros2_ws/install/custom_nav/lib/python3.10/site-packages/custom_nav/__pycache__/state_node.cpython-310.pyc
/home/kartik/ros2_ws/install/custom_nav/lib/python3.10/site-packages/custom_nav/__pycache__/planner_node.cpython-310.pyc
/home/kartik/ros2_ws/install/custom_nav/lib/python3.10/site-packages/custom_nav/__pycache__/multi_random_box.cpython-310.pyc
/home/kartik/ros2_ws/install/custom_nav/lib/python3.10/site-packages/custom_nav/__pycache__/algo.cpython-310.pyc
/home/kartik/ros2_ws/install/custom_nav/lib/python3.10/site-packages/custom_nav/__pycache__/controller_node.cpython-310.pyc
/home/kartik/ros2_ws/install/custom_nav/share/ament_index/resource_index/packages/custom_nav
/home/kartik/ros2_ws/install/custom_nav/share/custom_nav/package.xml
/home/kartik/ros2_ws/install/custom_nav/lib/python3.10/site-packages/custom_nav-0.0.0-py3.10.egg-info/dependency_links.txt
/home/kartik/ros2_ws/install/custom_nav/lib/python3.10/site-packages/custom_nav-0.0.0-py3.10.egg-info/SOURCES.txt
/home/kartik/ros2_ws/install/custom_nav/lib/python3.10/site-packages/custom_nav-0.0.0-py3.10.egg-info/zip-safe
/home/kartik/ros2_ws/install/custom_nav/lib/python3.10/site-packages/custom_nav-0.0.0-py3.10.egg-info/top_level.txt
/home/kartik/ros2_ws/install/custom_nav/lib/python3.10/site-packages/custom_nav-0.0.0-py3.10.egg-info/requires.txt
/home/kartik/ros2_ws/install/custom_nav/lib/python3.10/site-packages/custom_nav-0.0.0-py3.10.egg-info/entry_points.txt
/home/kartik/ros2_ws/install/custom_nav/lib/python3.10/site-packages/custom_nav-0.0.0-py3.10.egg-info/PKG-INFO
/home/kartik/ros2_ws/install/custom_nav/lib/custom_nav/controller_node
/home/kartik/ros2_ws/install/custom_nav/lib/custom_nav/multi_random_box
/home/kartik/ros2_ws/install/custom_nav/lib/custom_nav/planner_node
/home/kartik/ros2_ws/install/custom_nav/lib/custom_nav/random_box
/home/kartik/ros2_ws/install/custom_nav/lib/custom_nav/spawn_boxes
/home/kartik/ros2_ws/install/custom_nav/lib/custom_nav/state_node
