[1.347s] Invoking command in '/home/kartik/ros2_ws/src/custom_nav': PYTHONPATH=/home/kartik/ros2_ws/build/custom_nav/prefix_override:/usr/lib/python3/dist-packages/colcon_core/task/python/colcon_distutils_commands:/home/kartik/ros2_ws/install/custom_nav/lib/python3.10/site-packages:${PYTHONPATH} /usr/bin/python3 -W ignore:setup.py install is deprecated -W ignore:easy_install command is deprecated setup.py egg_info --egg-base ../../build/custom_nav build --build-base /home/kartik/ros2_ws/build/custom_nav/build install --record /home/kartik/ros2_ws/build/custom_nav/install.log --single-version-externally-managed install_data
[1.835s] running egg_info
[1.837s] creating ../../build/custom_nav/custom_nav.egg-info
[1.837s] writing ../../build/custom_nav/custom_nav.egg-info/PKG-INFO
[1.838s] writing dependency_links to ../../build/custom_nav/custom_nav.egg-info/dependency_links.txt
[1.838s] writing entry points to ../../build/custom_nav/custom_nav.egg-info/entry_points.txt
[1.838s] writing requirements to ../../build/custom_nav/custom_nav.egg-info/requires.txt
[1.838s] writing top-level names to ../../build/custom_nav/custom_nav.egg-info/top_level.txt
[1.838s] writing manifest file '../../build/custom_nav/custom_nav.egg-info/SOURCES.txt'
[1.846s] reading manifest file '../../build/custom_nav/custom_nav.egg-info/SOURCES.txt'
[1.848s] writing manifest file '../../build/custom_nav/custom_nav.egg-info/SOURCES.txt'
[1.849s] running build
[1.849s] running build_py
[1.849s] creating /home/kartik/ros2_ws/build/custom_nav/build
[1.849s] creating /home/kartik/ros2_ws/build/custom_nav/build/lib
[1.849s] creating /home/kartik/ros2_ws/build/custom_nav/build/lib/custom_nav
[1.850s] copying custom_nav/random_box.py -> /home/kartik/ros2_ws/build/custom_nav/build/lib/custom_nav
[1.850s] copying custom_nav/spawn_boxes.py -> /home/kartik/ros2_ws/build/custom_nav/build/lib/custom_nav
[1.850s] copying custom_nav/__init__.py -> /home/kartik/ros2_ws/build/custom_nav/build/lib/custom_nav
[1.850s] copying custom_nav/state_node.py -> /home/kartik/ros2_ws/build/custom_nav/build/lib/custom_nav
[1.851s] copying custom_nav/planner_node.py -> /home/kartik/ros2_ws/build/custom_nav/build/lib/custom_nav
[1.851s] copying custom_nav/multi_random_box.py -> /home/kartik/ros2_ws/build/custom_nav/build/lib/custom_nav
[1.851s] copying custom_nav/algo.py -> /home/kartik/ros2_ws/build/custom_nav/build/lib/custom_nav
[1.852s] copying custom_nav/controller_node.py -> /home/kartik/ros2_ws/build/custom_nav/build/lib/custom_nav
[1.852s] running install
[1.854s] running install_lib
[1.855s] creating /home/kartik/ros2_ws/install/custom_nav/lib/python3.10/site-packages/custom_nav
[1.855s] copying /home/kartik/ros2_ws/build/custom_nav/build/lib/custom_nav/random_box.py -> /home/kartik/ros2_ws/install/custom_nav/lib/python3.10/site-packages/custom_nav
[1.855s] copying /home/kartik/ros2_ws/build/custom_nav/build/lib/custom_nav/spawn_boxes.py -> /home/kartik/ros2_ws/install/custom_nav/lib/python3.10/site-packages/custom_nav
[1.855s] copying /home/kartik/ros2_ws/build/custom_nav/build/lib/custom_nav/__init__.py -> /home/kartik/ros2_ws/install/custom_nav/lib/python3.10/site-packages/custom_nav
[1.855s] copying /home/kartik/ros2_ws/build/custom_nav/build/lib/custom_nav/state_node.py -> /home/kartik/ros2_ws/install/custom_nav/lib/python3.10/site-packages/custom_nav
[1.855s] copying /home/kartik/ros2_ws/build/custom_nav/build/lib/custom_nav/planner_node.py -> /home/kartik/ros2_ws/install/custom_nav/lib/python3.10/site-packages/custom_nav
[1.856s] copying /home/kartik/ros2_ws/build/custom_nav/build/lib/custom_nav/multi_random_box.py -> /home/kartik/ros2_ws/install/custom_nav/lib/python3.10/site-packages/custom_nav
[1.856s] copying /home/kartik/ros2_ws/build/custom_nav/build/lib/custom_nav/algo.py -> /home/kartik/ros2_ws/install/custom_nav/lib/python3.10/site-packages/custom_nav
[1.856s] copying /home/kartik/ros2_ws/build/custom_nav/build/lib/custom_nav/controller_node.py -> /home/kartik/ros2_ws/install/custom_nav/lib/python3.10/site-packages/custom_nav
[1.857s] byte-compiling /home/kartik/ros2_ws/install/custom_nav/lib/python3.10/site-packages/custom_nav/random_box.py to random_box.cpython-310.pyc
[1.858s] Sorry: TabError: inconsistent use of tabs and spaces in indentation (random_box.py, line 23)
[1.858s] byte-compiling /home/kartik/ros2_ws/install/custom_nav/lib/python3.10/site-packages/custom_nav/spawn_boxes.py to spawn_boxes.cpython-310.pyc
[1.859s] byte-compiling /home/kartik/ros2_ws/install/custom_nav/lib/python3.10/site-packages/custom_nav/__init__.py to __init__.cpython-310.pyc
[1.860s] byte-compiling /home/kartik/ros2_ws/install/custom_nav/lib/python3.10/site-packages/custom_nav/state_node.py to state_node.cpython-310.pyc
[1.861s] byte-compiling /home/kartik/ros2_ws/install/custom_nav/lib/python3.10/site-packages/custom_nav/planner_node.py to planner_node.cpython-310.pyc
[1.864s] byte-compiling /home/kartik/ros2_ws/install/custom_nav/lib/python3.10/site-packages/custom_nav/multi_random_box.py to multi_random_box.cpython-310.pyc
[1.865s] byte-compiling /home/kartik/ros2_ws/install/custom_nav/lib/python3.10/site-packages/custom_nav/algo.py to algo.cpython-310.pyc
[1.869s] byte-compiling /home/kartik/ros2_ws/install/custom_nav/lib/python3.10/site-packages/custom_nav/controller_node.py to controller_node.cpython-310.pyc
[1.870s] running install_data
[1.870s] creating /home/kartik/ros2_ws/install/custom_nav/share/ament_index
[1.871s] creating /home/kartik/ros2_ws/install/custom_nav/share/ament_index/resource_index
[1.871s] creating /home/kartik/ros2_ws/install/custom_nav/share/ament_index/resource_index/packages
[1.871s] copying resource/custom_nav -> /home/kartik/ros2_ws/install/custom_nav/share/ament_index/resource_index/packages
[1.871s] copying package.xml -> /home/kartik/ros2_ws/install/custom_nav/share/custom_nav
[1.871s] running install_egg_info
[1.876s] Copying ../../build/custom_nav/custom_nav.egg-info to /home/kartik/ros2_ws/install/custom_nav/lib/python3.10/site-packages/custom_nav-0.0.0-py3.10.egg-info
[1.878s] running install_scripts
[1.921s] Installing controller_node script to /home/kartik/ros2_ws/install/custom_nav/lib/custom_nav
[1.921s] Installing multi_random_box script to /home/kartik/ros2_ws/install/custom_nav/lib/custom_nav
[1.921s] Installing planner_node script to /home/kartik/ros2_ws/install/custom_nav/lib/custom_nav
[1.922s] Installing random_box script to /home/kartik/ros2_ws/install/custom_nav/lib/custom_nav
[1.922s] Installing spawn_boxes script to /home/kartik/ros2_ws/install/custom_nav/lib/custom_nav
[1.922s] Installing state_node script to /home/kartik/ros2_ws/install/custom_nav/lib/custom_nav
[1.922s] writing list of installed files to '/home/kartik/ros2_ws/build/custom_nav/install.log'
[1.973s] Invoked command in '/home/kartik/ros2_ws/src/custom_nav' returned '0': PYTHONPATH=/home/kartik/ros2_ws/build/custom_nav/prefix_override:/usr/lib/python3/dist-packages/colcon_core/task/python/colcon_distutils_commands:/home/kartik/ros2_ws/install/custom_nav/lib/python3.10/site-packages:${PYTHONPATH} /usr/bin/python3 -W ignore:setup.py install is deprecated -W ignore:easy_install command is deprecated setup.py egg_info --egg-base ../../build/custom_nav build --build-base /home/kartik/ros2_ws/build/custom_nav/build install --record /home/kartik/ros2_ws/build/custom_nav/install.log --single-version-externally-managed install_data
